2020-01-11 16:43:36,028 INFO  [org.jboss.modules] (main) JBoss Modules version 1.9.1.Final
2020-01-11 16:43:39,573 INFO  [org.jboss.msc] (main) JBoss MSC version 1.4.11.Final
2020-01-11 16:43:39,610 INFO  [org.jboss.threads] (main) JBoss Threads version 2.3.3.Final
2020-01-11 16:43:40,859 INFO  [org.jboss.as] (MSC service thread 1-2) WFLYSRV0049: WildFly Full 18.0.1.Final (WildFly Core 10.0.3.Final) starting
2020-01-11 16:43:40,862 DEBUG [org.jboss.as.config] (MSC service thread 1-2) Configured system properties:
	awt.toolkit = sun.lwawt.macosx.LWCToolkit
	file.encoding = UTF-8
	file.separator = /
	ftp.nonProxyHosts = local|*.local|169.254/16|*.169.254/16
	gopherProxySet = false
	http.nonProxyHosts = local|*.local|169.254/16|*.169.254/16
	java.awt.graphicsenv = sun.awt.CGraphicsEnvironment
	java.awt.headless = true
	java.awt.printerjob = sun.lwawt.macosx.CPrinterJob
	java.class.path = /Volumes/joed-thumb1/REVATURE__workspace/apps/wildfly-18.0.1.Final/jboss-modules.jar
	java.class.version = 55.0
	java.home = /Library/Java/JavaVirtualMachines/adoptopenjdk-11.jdk/Contents/Home
	java.io.tmpdir = /var/folders/tj/9hsn98bd39v5yfp4kj2dlyzw0000gn/T/
	java.library.path = /Users/thatiam/Library/Java/Extensions:/Library/Java/Extensions:/Network/Library/Java/Extensions:/System/Library/Java/Extensions:/usr/lib/java:.
	java.net.preferIPv4Stack = true
	java.runtime.name = OpenJDK Runtime Environment
	java.runtime.version = 11.0.4+11
	java.specification.name = Java Platform API Specification
	java.specification.vendor = Oracle Corporation
	java.specification.version = 11
	java.util.logging.manager = org.jboss.logmanager.LogManager
	java.vendor = AdoptOpenJDK
	java.vendor.url = https://adoptopenjdk.net/
	java.vendor.url.bug = https://github.com/AdoptOpenJDK/openjdk-build/issues
	java.vendor.version = AdoptOpenJDK
	java.version = 11.0.4
	java.version.date = 2019-07-16
	java.vm.compressedOopsMode = Zero based
	java.vm.info = mixed mode
	java.vm.name = OpenJDK 64-Bit Server VM
	java.vm.specification.name = Java Virtual Machine Specification
	java.vm.specification.vendor = Oracle Corporation
	java.vm.specification.version = 11
	java.vm.vendor = AdoptOpenJDK
	java.vm.version = 11.0.4+11
	javax.management.builder.initial = org.jboss.as.jmx.PluggableMBeanServerBuilder
	jboss.bind.address = localhost
	jboss.bind.address.management = localhost
	jboss.home.dir = /Volumes/joed-thumb1/REVATURE__workspace/apps/wildfly-18.0.1.Final
	jboss.host.name = is-mac-mini
	jboss.modules.dir = /Volumes/joed-thumb1/REVATURE__workspace/apps/wildfly-18.0.1.Final/modules
	jboss.modules.system.pkgs = org.jboss.byteman
	jboss.node.name = is-mac-mini
	jboss.qualified.host.name = is-mac-mini.local
	jboss.server.base.dir = /Volumes/joed-thumb1/REVATURE__workspace/apps/wildfly-18.0.1.Final/standalone
	jboss.server.config.dir = /Volumes/joed-thumb1/REVATURE__workspace/apps/wildfly-18.0.1.Final/standalone/configuration
	jboss.server.data.dir = /Volumes/joed-thumb1/REVATURE__workspace/apps/wildfly-18.0.1.Final/standalone/data
	jboss.server.deploy.dir = /Volumes/joed-thumb1/REVATURE__workspace/apps/wildfly-18.0.1.Final/standalone/data/content
	jboss.server.log.dir = /Volumes/joed-thumb1/REVATURE__workspace/apps/wildfly-18.0.1.Final/standalone/log
	jboss.server.name = is-mac-mini
	jboss.server.persist.config = true
	jboss.server.temp.dir = /Volumes/joed-thumb1/REVATURE__workspace/apps/wildfly-18.0.1.Final/standalone/tmp
	jdk.debug = release
	line.separator = 

	logging.configuration = file:/Volumes/joed-thumb1/REVATURE__workspace/apps/wildfly-18.0.1.Final/standalone/configuration/logging.properties
	module.path = /Volumes/joed-thumb1/REVATURE__workspace/apps/wildfly-18.0.1.Final/modules
	org.jboss.boot.log.file = /Volumes/joed-thumb1/REVATURE__workspace/apps/wildfly-18.0.1.Final/standalone/log/boot.log
	org.jboss.logmanager.nocolor = true
	org.jboss.resolver.warning = true
	os.arch = x86_64
	os.name = Mac OS X
	os.version = 10.11.6
	path.separator = :
	program.name = JBossTools: WildFly 18 at localhost
	socksNonProxyHosts = local|*.local|169.254/16|*.169.254/16
	sun.arch.data.model = 64
	sun.boot.library.path = /Library/Java/JavaVirtualMachines/adoptopenjdk-11.jdk/Contents/Home/lib
	sun.cpu.endian = little
	sun.cpu.isalist = 
	sun.io.unicode.encoding = UnicodeBig
	sun.java.command = org.jboss.modules.Main -mp /Volumes/joed-thumb1/REVATURE__workspace/apps/wildfly-18.0.1.Final/modules org.jboss.as.standalone -b localhost --server-config=standalone.xml -Djboss.server.base.dir=/Volumes/joed-thumb1/REVATURE__workspace/apps/wildfly-18.0.1.Final/standalone
	sun.java.launcher = SUN_STANDARD
	sun.jnu.encoding = UTF-8
	sun.management.compiler = HotSpot 64-Bit Tiered Compilers
	sun.os.patch.level = unknown
	sun.rmi.dgc.client.gcInterval = 3600000
	sun.rmi.dgc.server.gcInterval = 3600000
	user.country = US
	user.dir = /Volumes/joed-thumb1/REVATURE__workspace/apps/wildfly-18.0.1.Final/bin
	user.home = /Users/thatiam
	user.language = en
	user.name = thatiam
	user.timezone = America/New_York
2020-01-11 16:43:40,871 DEBUG [org.jboss.as.config] (MSC service thread 1-2) VM Arguments: -Dprogram.name=JBossTools: WildFly 18 at localhost -Xms64m -Xmx512m -Dorg.jboss.resolver.warning=true -Djava.net.preferIPv4Stack=true -Dsun.rmi.dgc.client.gcInterval=3600000 -Dsun.rmi.dgc.server.gcInterval=3600000 -Djboss.modules.system.pkgs=org.jboss.byteman -Djava.awt.headless=true -Dorg.jboss.boot.log.file=/Volumes/joed-thumb1/REVATURE__workspace/apps/wildfly-18.0.1.Final/standalone/log/boot.log -Dlogging.configuration=file:/Volumes/joed-thumb1/REVATURE__workspace/apps/wildfly-18.0.1.Final/standalone/configuration/logging.properties -Djboss.home.dir=/Volumes/joed-thumb1/REVATURE__workspace/apps/wildfly-18.0.1.Final -Dorg.jboss.logmanager.nocolor=true --add-exports=java.base/sun.nio.ch=ALL-UNNAMED --add-exports=jdk.unsupported/sun.misc=ALL-UNNAMED --add-exports=jdk.unsupported/sun.reflect=ALL-UNNAMED --add-modules=java.se -Djboss.bind.address.management=localhost -Dfile.encoding=UTF-8 
2020-01-11 16:43:46,965 INFO  [org.wildfly.security] (ServerService Thread Pool -- 23) ELY00001: WildFly Elytron version 1.10.4.Final
2020-01-11 16:43:50,976 INFO  [org.jboss.as.controller.management-deprecated] (Controller Boot Thread) WFLYCTL0028: Attribute 'security-realm' in the resource at address '/core-service=management/management-interface=http-interface' is deprecated, and may be removed in a future version. See the attribute description in the output of the read-resource-description operation to learn more about the deprecation.
2020-01-11 16:43:51,192 INFO  [org.jboss.as.server.deployment.scanner] (DeploymentScanner-threads - 1) WFLYDS0004: Found PubHub.war in deployment directory. To trigger deployment create a file called PubHub.war.dodeploy
2020-01-11 16:43:51,398 INFO  [org.jboss.as.controller.management-deprecated] (ServerService Thread Pool -- 36) WFLYCTL0028: Attribute 'security-realm' in the resource at address '/subsystem=undertow/server=default-server/https-listener=https' is deprecated, and may be removed in a future version. See the attribute description in the output of the read-resource-description operation to learn more about the deprecation.
2020-01-11 16:43:51,750 INFO  [org.jboss.as.server] (Controller Boot Thread) WFLYSRV0039: Creating http management service using socket-binding (management-http)
2020-01-11 16:43:51,925 INFO  [org.xnio] (MSC service thread 1-1) XNIO version 3.7.3.Final
2020-01-11 16:43:51,955 INFO  [org.xnio.nio] (MSC service thread 1-1) XNIO NIO Implementation Version 3.7.3.Final
2020-01-11 16:43:52,372 INFO  [org.jboss.remoting] (MSC service thread 1-2) JBoss Remoting version 5.0.15.Final
2020-01-11 16:43:52,685 INFO  [org.jboss.as.clustering.infinispan] (ServerService Thread Pool -- 51) WFLYCLINF0001: Activating Infinispan subsystem.
2020-01-11 16:43:52,789 INFO  [org.wildfly.extension.io] (ServerService Thread Pool -- 52) WFLYIO001: Worker 'default' has auto-configured to 4 core threads with 32 task threads based on your 2 available processors
2020-01-11 16:43:52,882 INFO  [org.jboss.as.connector] (MSC service thread 1-3) WFLYJCA0009: Starting JCA Subsystem (WildFly/IronJacamar 1.4.17.Final)
2020-01-11 16:43:53,112 INFO  [org.jboss.as.jsf] (ServerService Thread Pool -- 58) WFLYJSF0007: Activated the following JSF Implementations: [main]
2020-01-11 16:43:53,119 WARN  [org.jboss.as.txn] (ServerService Thread Pool -- 72) WFLYTX0013: The node-identifier attribute on the /subsystem=transactions is set to the default value. This is a danger for environments running multiple servers. Please make sure the attribute value is unique.
2020-01-11 16:43:53,198 INFO  [org.wildfly.extension.microprofile.opentracing] (ServerService Thread Pool -- 63) WFLYTRACEXT0001: Activating MicroProfile OpenTracing Subsystem
2020-01-11 16:43:53,208 INFO  [org.jboss.as.security] (ServerService Thread Pool -- 70) WFLYSEC0002: Activating Security Subsystem
2020-01-11 16:43:53,220 INFO  [org.jboss.as.webservices] (ServerService Thread Pool -- 74) WFLYWS0002: Activating WebServices Extension
2020-01-11 16:43:53,241 INFO  [org.wildfly.extension.microprofile.config.smallrye._private] (ServerService Thread Pool -- 60) WFLYCONF0001: Activating WildFly MicroProfile Config Subsystem
2020-01-11 16:43:53,241 INFO  [org.wildfly.extension.microprofile.metrics.smallrye] (ServerService Thread Pool -- 62) WFLYMETRICS0001: Activating Eclipse MicroProfile Metrics Subsystem
2020-01-11 16:43:53,243 INFO  [org.wildfly.extension.microprofile.health.smallrye] (ServerService Thread Pool -- 61) WFLYHEALTH0001: Activating Eclipse MicroProfile Health Subsystem
2020-01-11 16:43:53,279 INFO  [org.jboss.as.naming] (ServerService Thread Pool -- 64) WFLYNAM0001: Activating Naming Subsystem
2020-01-11 16:43:53,396 INFO  [org.jboss.as.connector.subsystems.datasources] (ServerService Thread Pool -- 43) WFLYJCA0004: Deploying JDBC-compliant driver class org.h2.Driver (version 1.4)
2020-01-11 16:43:53,401 INFO  [org.jboss.as.security] (MSC service thread 1-2) WFLYSEC0001: Current PicketBox version=5.0.3.Final
2020-01-11 16:43:53,671 INFO  [org.jboss.as.jaxrs] (ServerService Thread Pool -- 53) WFLYRS0016: RESTEasy version 3.9.1.Final
2020-01-11 16:43:53,862 INFO  [org.jboss.as.connector.deployers.jdbc] (MSC service thread 1-2) WFLYJCA0018: Started Driver service with driver-name = h2
2020-01-11 16:43:54,126 INFO  [org.wildfly.extension.undertow] (MSC service thread 1-4) WFLYUT0003: Undertow 2.0.27.Final starting
2020-01-11 16:43:54,717 INFO  [org.jboss.as.naming] (MSC service thread 1-2) WFLYNAM0003: Starting Naming Service
2020-01-11 16:43:55,054 INFO  [org.wildfly.extension.undertow] (ServerService Thread Pool -- 73) WFLYUT0014: Creating file handler for path '/Volumes/joed-thumb1/REVATURE__workspace/apps/wildfly-18.0.1.Final/welcome-content' with options [directory-listing: 'false', follow-symlink: 'false', case-sensitive: 'true', safe-symlink-paths: '[]']
2020-01-11 16:43:55,146 INFO  [org.jboss.as.mail.extension] (MSC service thread 1-2) WFLYMAIL0001: Bound mail session [java:jboss/mail/Default]
2020-01-11 16:43:56,023 INFO  [org.jboss.as.ejb3] (MSC service thread 1-4) WFLYEJB0482: Strict pool mdb-strict-max-pool is using a max instance size of 8 (per class), which is derived from the number of CPUs on this host.
2020-01-11 16:43:56,024 INFO  [org.jboss.as.ejb3] (MSC service thread 1-2) WFLYEJB0481: Strict pool slsb-strict-max-pool is using a max instance size of 32 (per class), which is derived from thread worker pool sizing.
2020-01-11 16:43:56,305 INFO  [org.wildfly.extension.undertow] (MSC service thread 1-1) WFLYUT0012: Started server default-server.
2020-01-11 16:43:56,395 INFO  [org.wildfly.extension.undertow] (MSC service thread 1-3) WFLYUT0018: Host default-host starting
2020-01-11 16:43:57,766 INFO  [org.wildfly.extension.undertow] (MSC service thread 1-4) WFLYUT0006: Undertow HTTP listener default listening on 127.0.0.1:8080
2020-01-11 16:43:58,611 INFO  [org.jboss.as.ejb3] (MSC service thread 1-3) WFLYEJB0493: EJB subsystem suspension complete
2020-01-11 16:43:59,710 INFO  [org.jboss.as.connector.subsystems.datasources] (MSC service thread 1-2) WFLYJCA0001: Bound data source [java:jboss/datasources/ExampleDS]
2020-01-11 16:44:01,477 INFO  [org.jboss.as.patching] (MSC service thread 1-4) WFLYPAT0050: WildFly Full cumulative patch ID is: base, one-off patches include: none
2020-01-11 16:44:01,590 WARN  [org.jboss.as.domain.management.security] (MSC service thread 1-4) WFLYDM0111: Keystore /Volumes/joed-thumb1/REVATURE__workspace/apps/wildfly-18.0.1.Final/standalone/configuration/application.keystore not found, it will be auto generated on first use with a self signed certificate for host localhost
